{"C:\\Users\\Lenovo\\IdeaProjects\\Quick-Bite\\Order-Service\\src\\app\\order\\enums.ts": {"path":"C:\\Users\\Lenovo\\IdeaProjects\\Quick-Bite\\Order-Service\\src\\app\\order\\enums.ts","statementMap":{"0":{"start":{"line":1,"column":0},"end":{"line":1,"column":null}},"1":{"start":{"line":2,"column":4},"end":{"line":2,"column":null}},"2":{"start":{"line":3,"column":4},"end":{"line":3,"column":null}},"3":{"start":{"line":4,"column":4},"end":{"line":4,"column":null}},"4":{"start":{"line":5,"column":4},"end":{"line":5,"column":null}},"5":{"start":{"line":6,"column":4},"end":{"line":6,"column":null}},"6":{"start":{"line":7,"column":4},"end":{"line":7,"column":null}},"7":{"start":{"line":8,"column":4},"end":{"line":8,"column":null}},"8":{"start":{"line":9,"column":4},"end":{"line":9,"column":null}},"9":{"start":{"line":10,"column":4},"end":{"line":10,"column":null}},"10":{"start":{"line":11,"column":4},"end":{"line":11,"column":null}},"11":{"start":{"line":14,"column":0},"end":{"line":14,"column":null}},"12":{"start":{"line":15,"column":4},"end":{"line":15,"column":null}},"13":{"start":{"line":16,"column":4},"end":{"line":16,"column":null}},"14":{"start":{"line":19,"column":0},"end":{"line":19,"column":null}},"15":{"start":{"line":20,"column":4},"end":{"line":20,"column":null}},"16":{"start":{"line":21,"column":4},"end":{"line":21,"column":null}},"17":{"start":{"line":22,"column":4},"end":{"line":22,"column":null}},"18":{"start":{"line":23,"column":4},"end":{"line":23,"column":null}},"19":{"start":{"line":24,"column":4},"end":{"line":24,"column":null}},"20":{"start":{"line":27,"column":0},"end":{"line":27,"column":null}},"21":{"start":{"line":28,"column":4},"end":{"line":28,"column":null}},"22":{"start":{"line":29,"column":4},"end":{"line":29,"column":null}}},"fnMap":{"0":{"name":"(anonymous_0)","decl":{"start":{"line":1,"column":0},"end":{"line":1,"column":12}},"loc":{"start":{"line":1,"column":23},"end":{"line":12,"column":1}}},"1":{"name":"(anonymous_1)","decl":{"start":{"line":14,"column":0},"end":{"line":14,"column":12}},"loc":{"start":{"line":14,"column":25},"end":{"line":17,"column":1}}},"2":{"name":"(anonymous_2)","decl":{"start":{"line":19,"column":0},"end":{"line":19,"column":12}},"loc":{"start":{"line":19,"column":23},"end":{"line":25,"column":1}}},"3":{"name":"(anonymous_3)","decl":{"start":{"line":27,"column":0},"end":{"line":27,"column":12}},"loc":{"start":{"line":27,"column":20},"end":{"line":30,"column":1}}}},"branchMap":{"0":{"loc":{"start":{"line":1,"column":12},"end":{"line":1,"column":null}},"type":"binary-expr","locations":[{"start":{"line":1,"column":12},"end":{"line":1,"column":23}},{"start":{"line":1,"column":23},"end":{"line":1,"column":null}}]},"1":{"loc":{"start":{"line":14,"column":12},"end":{"line":14,"column":null}},"type":"binary-expr","locations":[{"start":{"line":14,"column":12},"end":{"line":14,"column":25}},{"start":{"line":14,"column":25},"end":{"line":14,"column":null}}]},"2":{"loc":{"start":{"line":19,"column":12},"end":{"line":19,"column":null}},"type":"binary-expr","locations":[{"start":{"line":19,"column":12},"end":{"line":19,"column":23}},{"start":{"line":19,"column":23},"end":{"line":19,"column":null}}]},"3":{"loc":{"start":{"line":27,"column":12},"end":{"line":27,"column":null}},"type":"binary-expr","locations":[{"start":{"line":27,"column":12},"end":{"line":27,"column":20}},{"start":{"line":27,"column":20},"end":{"line":27,"column":null}}]}},"s":{"0":1,"1":1,"2":1,"3":1,"4":1,"5":1,"6":1,"7":1,"8":1,"9":1,"10":1,"11":1,"12":1,"13":1,"14":1,"15":1,"16":1,"17":1,"18":1,"19":1,"20":1,"21":1,"22":1},"f":{"0":1,"1":1,"2":1,"3":1},"b":{"0":[1,1],"1":[1,1],"2":[1,1],"3":[1,1]}}
,"C:\\Users\\Lenovo\\IdeaProjects\\Quick-Bite\\Order-Service\\src\\app\\order\\errors.ts": {"path":"C:\\Users\\Lenovo\\IdeaProjects\\Quick-Bite\\Order-Service\\src\\app\\order\\errors.ts","statementMap":{"0":{"start":{"line":11,"column":0},"end":{"line":11,"column":16}},"1":{"start":{"line":15,"column":0},"end":{"line":15,"column":16}},"2":{"start":{"line":1,"column":0},"end":{"line":1,"column":52}},"3":{"start":{"line":4,"column":13},"end":{"line":4,"column":71}},"4":{"start":{"line":5,"column":13},"end":{"line":5,"column":94}},"5":{"start":{"line":6,"column":13},"end":{"line":6,"column":96}},"6":{"start":{"line":7,"column":13},"end":{"line":7,"column":92}},"7":{"start":{"line":8,"column":13},"end":{"line":8,"column":101}},"8":{"start":{"line":12,"column":4},"end":{"line":12,"column":80}},"9":{"start":{"line":16,"column":4},"end":{"line":16,"column":77}}},"fnMap":{"0":{"name":"invalidStatusTransitionError","decl":{"start":{"line":11,"column":16},"end":{"line":11,"column":44}},"loc":{"start":{"line":11,"column":69},"end":{"line":13,"column":1}}},"1":{"name":"outOfStockError","decl":{"start":{"line":15,"column":16},"end":{"line":15,"column":31}},"loc":{"start":{"line":15,"column":50},"end":{"line":17,"column":1}}}},"branchMap":{},"s":{"0":1,"1":1,"2":1,"3":1,"4":1,"5":1,"6":1,"7":1,"8":1,"9":0},"f":{"0":1,"1":0},"b":{}}
,"C:\\Users\\Lenovo\\IdeaProjects\\Quick-Bite\\Order-Service\\src\\app\\order\\service\\order-status.service.ts": {"path":"C:\\Users\\Lenovo\\IdeaProjects\\Quick-Bite\\Order-Service\\src\\app\\order\\service\\order-status.service.ts","statementMap":{"0":{"start":{"line":1,"column":0},"end":{"line":1,"column":36}},"1":{"start":{"line":2,"column":0},"end":{"line":2,"column":50}},"2":{"start":{"line":5,"column":0},"end":{"line":5,"column":108}},"3":{"start":{"line":13,"column":68},"end":{"line":42,"column":2}},"4":{"start":{"line":44,"column":34},"end":{"line":44,"column":43}},"5":{"start":{"line":47,"column":7},"end":{"line":81,"column":null}},"6":{"start":{"line":62,"column":24},"end":{"line":62,"column":52}},"7":{"start":{"line":64,"column":8},"end":{"line":66,"column":9}},"8":{"start":{"line":65,"column":12},"end":{"line":65,"column":62}},"9":{"start":{"line":67,"column":8},"end":{"line":69,"column":9}},"10":{"start":{"line":68,"column":12},"end":{"line":68,"column":62}},"11":{"start":{"line":70,"column":8},"end":{"line":72,"column":9}},"12":{"start":{"line":71,"column":12},"end":{"line":71,"column":38}},"13":{"start":{"line":73,"column":8},"end":{"line":78,"column":9}},"14":{"start":{"line":74,"column":12},"end":{"line":74,"column":69}},"15":{"start":{"line":74,"column":32},"end":{"line":74,"column":69}},"16":{"start":{"line":75,"column":12},"end":{"line":77,"column":13}},"17":{"start":{"line":76,"column":16},"end":{"line":76,"column":53}},"18":{"start":{"line":79,"column":8},"end":{"line":79,"column":38}},"19":{"start":{"line":47,"column":13},"end":{"line":47,"column":31}},"20":{"start":{"line":47,"column":13},"end":{"line":81,"column":null}}},"fnMap":{"0":{"name":"(anonymous_1)","decl":{"start":{"line":48,"column":4},"end":{"line":48,"column":20}},"loc":{"start":{"line":48,"column":90},"end":{"line":80,"column":5}}}},"branchMap":{"0":{"loc":{"start":{"line":64,"column":8},"end":{"line":66,"column":9}},"type":"if","locations":[{"start":{"line":64,"column":8},"end":{"line":66,"column":9}},{"start":{},"end":{}}]},"1":{"loc":{"start":{"line":67,"column":8},"end":{"line":69,"column":9}},"type":"if","locations":[{"start":{"line":67,"column":8},"end":{"line":69,"column":9}},{"start":{},"end":{}}]},"2":{"loc":{"start":{"line":70,"column":8},"end":{"line":72,"column":9}},"type":"if","locations":[{"start":{"line":70,"column":8},"end":{"line":72,"column":9}},{"start":{},"end":{}}]},"3":{"loc":{"start":{"line":70,"column":12},"end":{"line":70,"column":85}},"type":"binary-expr","locations":[{"start":{"line":70,"column":12},"end":{"line":70,"column":34}},{"start":{"line":70,"column":39},"end":{"line":70,"column":50}},{"start":{"line":70,"column":54},"end":{"line":70,"column":84}}]},"4":{"loc":{"start":{"line":73,"column":8},"end":{"line":78,"column":9}},"type":"if","locations":[{"start":{"line":73,"column":8},"end":{"line":78,"column":9}},{"start":{},"end":{}}]},"5":{"loc":{"start":{"line":73,"column":12},"end":{"line":73,"column":114}},"type":"binary-expr","locations":[{"start":{"line":73,"column":12},"end":{"line":73,"column":46}},{"start":{"line":73,"column":50},"end":{"line":73,"column":83}},{"start":{"line":73,"column":87},"end":{"line":73,"column":114}}]},"6":{"loc":{"start":{"line":74,"column":12},"end":{"line":74,"column":69}},"type":"if","locations":[{"start":{"line":74,"column":12},"end":{"line":74,"column":69}},{"start":{},"end":{}}]},"7":{"loc":{"start":{"line":75,"column":12},"end":{"line":77,"column":13}},"type":"if","locations":[{"start":{"line":75,"column":12},"end":{"line":77,"column":13}},{"start":{},"end":{}}]},"8":{"loc":{"start":{"line":75,"column":16},"end":{"line":75,"column":95}},"type":"binary-expr","locations":[{"start":{"line":75,"column":16},"end":{"line":75,"column":28}},{"start":{"line":75,"column":32},"end":{"line":75,"column":95}}]}},"s":{"0":1,"1":1,"2":1,"3":1,"4":1,"5":1,"6":4,"7":4,"8":1,"9":3,"10":0,"11":3,"12":1,"13":2,"14":0,"15":0,"16":0,"17":0,"18":2,"19":1,"20":1},"f":{"0":4},"b":{"0":[1,3],"1":[0,3],"2":[1,2],"3":[3,2,1],"4":[0,2],"5":[2,0,0],"6":[0,0],"7":[0,0],"8":[0,0]}}
,"C:\\Users\\Lenovo\\IdeaProjects\\Quick-Bite\\Order-Service\\src\\lib\\error\\AppError.ts": {"path":"C:\\Users\\Lenovo\\IdeaProjects\\Quick-Bite\\Order-Service\\src\\lib\\error\\AppError.ts","statementMap":{"0":{"start":{"line":6,"column":8},"end":{"line":6,"column":23}},"1":{"start":{"line":7,"column":8},"end":{"line":7,"column":37}},"2":{"start":{"line":8,"column":8},"end":{"line":8,"column":43}},"3":{"start":{"line":10,"column":8},"end":{"line":10,"column":56}},"4":{"start":{"line":1,"column":0},"end":{"line":1,"column":13}}},"fnMap":{"0":{"name":"(anonymous_0)","decl":{"start":{"line":5,"column":4},"end":{"line":5,"column":16}},"loc":{"start":{"line":5,"column":88},"end":{"line":11,"column":5}}}},"branchMap":{"0":{"loc":{"start":{"line":5,"column":33},"end":{"line":5,"column":57}},"type":"default-arg","locations":[{"start":{"line":5,"column":54},"end":{"line":5,"column":57}}]},"1":{"loc":{"start":{"line":5,"column":59},"end":{"line":5,"column":88}},"type":"default-arg","locations":[{"start":{"line":5,"column":84},"end":{"line":5,"column":88}}]}},"s":{"0":6,"1":6,"2":6,"3":6,"4":1},"f":{"0":6},"b":{"0":[0],"1":[6]}}
,"C:\\Users\\Lenovo\\IdeaProjects\\Quick-Bite\\Order-Service\\src\\pkg\\utils\\money.ts": {"path":"C:\\Users\\Lenovo\\IdeaProjects\\Quick-Bite\\Order-Service\\src\\pkg\\utils\\money.ts","statementMap":{"0":{"start":{"line":4,"column":0},"end":{"line":4,"column":16}},"1":{"start":{"line":8,"column":0},"end":{"line":8,"column":16}},"2":{"start":{"line":12,"column":0},"end":{"line":12,"column":16}},"3":{"start":{"line":18,"column":0},"end":{"line":18,"column":16}},"4":{"start":{"line":5,"column":4},"end":{"line":5,"column":40}},"5":{"start":{"line":9,"column":4},"end":{"line":9,"column":23}},"6":{"start":{"line":13,"column":16},"end":{"line":13,"column":17}},"7":{"start":{"line":14,"column":4},"end":{"line":14,"column":39}},"8":{"start":{"line":14,"column":28},"end":{"line":14,"column":39}},"9":{"start":{"line":15,"column":4},"end":{"line":15,"column":17}},"10":{"start":{"line":19,"column":4},"end":{"line":19,"column":37}}},"fnMap":{"0":{"name":"toMinor","decl":{"start":{"line":4,"column":16},"end":{"line":4,"column":23}},"loc":{"start":{"line":4,"column":42},"end":{"line":6,"column":1}}},"1":{"name":"fromMinor","decl":{"start":{"line":8,"column":16},"end":{"line":8,"column":25}},"loc":{"start":{"line":8,"column":39},"end":{"line":10,"column":1}}},"2":{"name":"sumMinor","decl":{"start":{"line":12,"column":16},"end":{"line":12,"column":24}},"loc":{"start":{"line":12,"column":41},"end":{"line":16,"column":1}}},"3":{"name":"multiplyMinor","decl":{"start":{"line":18,"column":16},"end":{"line":18,"column":29}},"loc":{"start":{"line":18,"column":70},"end":{"line":20,"column":1}}}},"branchMap":{},"s":{"0":1,"1":1,"2":1,"3":1,"4":1,"5":1,"6":1,"7":1,"8":3,"9":1,"10":1},"f":{"0":1,"1":1,"2":1,"3":1},"b":{}}
}
