TN:
SF:src\app\order\enums.ts
FN:1,(anonymous_0)
FN:14,(anonymous_1)
FN:19,(anonymous_2)
FN:27,(anonymous_3)
FNF:4
FNH:4
FNDA:1,(anonymous_0)
FNDA:1,(anonymous_1)
FNDA:1,(anonymous_2)
FNDA:1,(anonymous_3)
DA:1,1
DA:2,1
DA:3,1
DA:4,1
DA:5,1
DA:6,1
DA:7,1
DA:8,1
DA:9,1
DA:10,1
DA:11,1
DA:14,1
DA:15,1
DA:16,1
DA:19,1
DA:20,1
DA:21,1
DA:22,1
DA:23,1
DA:24,1
DA:27,1
DA:28,1
DA:29,1
LF:23
LH:23
BRDA:1,0,0,1
BRDA:1,0,1,1
BRDA:14,1,0,1
BRDA:14,1,1,1
BRDA:19,2,0,1
BRDA:19,2,1,1
BRDA:27,3,0,1
BRDA:27,3,1,1
BRF:8
BRH:8
end_of_record
TN:
SF:src\app\order\errors.ts
FN:11,invalidStatusTransitionError
FN:15,outOfStockError
FNF:2
FNH:1
FNDA:1,invalidStatusTransitionError
FNDA:0,outOfStockError
DA:1,1
DA:4,1
DA:5,1
DA:6,1
DA:7,1
DA:8,1
DA:11,1
DA:12,1
DA:15,1
DA:16,0
LF:10
LH:9
BRF:0
BRH:0
end_of_record
TN:
SF:src\app\order\service\order-status.service.ts
FN:48,(anonymous_1)
FNF:1
FNH:1
FNDA:4,(anonymous_1)
DA:1,1
DA:2,1
DA:5,1
DA:13,1
DA:44,1
DA:47,1
DA:62,4
DA:64,4
DA:65,1
DA:67,3
DA:68,0
DA:70,3
DA:71,1
DA:73,2
DA:74,0
DA:75,0
DA:76,0
DA:79,2
LF:18
LH:14
BRDA:64,0,0,1
BRDA:64,0,1,3
BRDA:67,1,0,0
BRDA:67,1,1,3
BRDA:70,2,0,1
BRDA:70,2,1,2
BRDA:70,3,0,3
BRDA:70,3,1,2
BRDA:70,3,2,1
BRDA:73,4,0,0
BRDA:73,4,1,2
BRDA:73,5,0,2
BRDA:73,5,1,0
BRDA:73,5,2,0
BRDA:74,6,0,0
BRDA:74,6,1,0
BRDA:75,7,0,0
BRDA:75,7,1,0
BRDA:75,8,0,0
BRDA:75,8,1,0
BRF:20
BRH:10
end_of_record
TN:
SF:src\lib\error\AppError.ts
FN:5,(anonymous_0)
FNF:1
FNH:1
FNDA:6,(anonymous_0)
DA:1,1
DA:6,6
DA:7,6
DA:8,6
DA:10,6
LF:5
LH:5
BRDA:5,0,0,0
BRDA:5,1,0,6
BRF:2
BRH:1
end_of_record
TN:
SF:src\pkg\utils\money.ts
FN:4,toMinor
FN:8,fromMinor
FN:12,sumMinor
FN:18,multiplyMinor
FNF:4
FNH:4
FNDA:1,toMinor
FNDA:1,fromMinor
FNDA:1,sumMinor
FNDA:1,multiplyMinor
DA:4,1
DA:5,1
DA:8,1
DA:9,1
DA:12,1
DA:13,1
DA:14,3
DA:15,1
DA:18,1
DA:19,1
LF:10
LH:10
BRF:0
BRH:0
end_of_record
